<?xml version="1.0" encoding="UTF-8"?>
<!-- Generated by org.testng.reporters.JUnitReportReporter -->
<testsuite hostname="ARUNKARTHIKEYAN" name="amazonPackage.Amazon_Dept" tests="1" failures="0" timestamp="14 Jan 2018 01:34:19 GMT" time="41.115" errors="0">
  <testcase name="Dept" time="41.115" classname="amazonPackage.Amazon_Dept"/>
</testsuite> <!-- amazonPackage.Amazon_Dept -->
