<?xml version="1.0" encoding="UTF-8"?>
<!-- Generated by org.testng.reporters.JUnitReportReporter -->
<testsuite hostname="ARUNKARTHIKEYAN" name="amazonPackage.AmazonSample" tests="1" failures="0" timestamp="14 Jan 2018 01:58:35 GMT" time="0.014" errors="0">
  <testcase name="Sample" time="0.014" classname="amazonPackage.AmazonSample"/>
</testsuite> <!-- amazonPackage.AmazonSample -->
