<?xml version="1.0" encoding="UTF-8"?>
<!-- Generated by org.testng.reporters.JUnitReportReporter -->
<testsuite hostname="ARUNKARTHIKEYAN" name="defalut.Amazon" tests="1" failures="0" timestamp="8 Jan 2018 01:19:14 GMT" time="0.116" errors="0">
  <testcase name="dis" time="0.116" classname="defalut.Amazon"/>
</testsuite> <!-- defalut.Amazon -->
